\BOOKMARK [1][-]{section.1}{\376\377\201\352\161\066\145\160}{}% 1
\BOOKMARK [2][-]{subsection.1.1}{\376\377\166\370\173\111\121\163\174\373\000*}{section.1}% 2
\BOOKMARK [2][-]{subsection.1.2}{\376\377\000P\000e\000a\000n\000o\000\040\121\154\164\006}{section.1}% 3
\BOOKMARK [2][-]{subsection.1.3}{\376\377\122\240\154\325}{section.1}% 4
\BOOKMARK [3][-]{subsubsection.1.3.1}{\376\377\217\320\173\227\137\213}{subsection.1.3}% 5
\BOOKMARK [3][-]{subsubsection.1.3.2}{\376\377\153\143\140\047}{subsection.1.3}% 6
\BOOKMARK [3][-]{subsubsection.1.3.3}{\376\377\136\217}{subsection.1.3}% 7
\BOOKMARK [2][-]{subsection.1.4}{\376\377\116\130\154\325}{section.1}% 8
\BOOKMARK [1][-]{section.2}{\376\377\226\306\124\010\213\272}{}% 9
\BOOKMARK [2][-]{subsection.2.1}{\376\377\226\306\124\010\213\272\127\372\170\100}{section.2}% 10
\BOOKMARK [3][-]{subsubsection.2.1.1}{\376\377\166\370\173\111\121\163\174\373\000*}{subsection.2.1}% 11
\BOOKMARK [3][-]{subsubsection.2.1.2}{\376\377\133\232\116\111\226\306\124\010}{subsection.2.1}% 12
\BOOKMARK [3][-]{subsubsection.2.1.3}{\376\377\147\204\220\040\226\306\124\010}{subsection.2.1}% 13
\BOOKMARK [3][-]{subsubsection.2.1.4}{\376\377\133\120\226\306}{subsection.2.1}% 14
\BOOKMARK [2][-]{subsection.2.2}{\376\377\121\375\145\160}{section.2}% 15
\BOOKMARK [3][-]{subsubsection.2.2.1}{\376\377\127\372\147\054\133\232\116\111}{subsection.2.2}% 16
\BOOKMARK [3][-]{subsubsection.2.2.2}{\376\377\146\040\134\004\166\204\174\173\127\213}{subsection.2.2}% 17
\BOOKMARK [2][-]{subsection.2.3}{\376\377\120\317\116\016\220\006\120\317}{section.2}% 18
\BOOKMARK [3][-]{subsubsection.2.3.1}{\376\377\133\232\116\111}{subsection.2.3}% 19
\BOOKMARK [3][-]{subsubsection.2.3.2}{\376\377\120\074\127\337}{subsection.2.3}% 20
\BOOKMARK [2][-]{subsection.2.4}{\376\377\136\102\226\306}{section.2}% 21
\BOOKMARK [2][-]{subsection.2.5}{\376\377\173\033\123\141\134\024\171\357}{section.2}% 22
\BOOKMARK [3][-]{subsubsection.2.5.1}{\376\377\133\232\116\111}{subsection.2.5}% 23
\BOOKMARK [3][-]{subsubsection.2.5.2}{\376\377\131\032\221\315\173\033\123\141\134\024\171\357}{subsection.2.5}% 24
\BOOKMARK [2][-]{subsection.2.6}{\376\377\127\372\145\160}{section.2}% 25
\BOOKMARK [3][-]{subsubsection.2.6.1}{\376\377\127\372\145\160\133\232\116\111}{subsection.2.6}% 26
\BOOKMARK [3][-]{subsubsection.2.6.2}{\376\377\147\011\226\120\226\306\116\016\145\340\226\120\226\306}{subsection.2.6}% 27
\BOOKMARK [3][-]{subsubsection.2.6.3}{\376\377\127\372\145\160\140\047\215\050}{subsection.2.6}% 28
\BOOKMARK [1][-]{section.3}{\376\377\147\011\164\006\145\160\124\214\145\164\145\160}{}% 29
\BOOKMARK [2][-]{subsection.3.1}{\376\377\147\011\164\006\145\160\124\214\145\164\145\160}{section.3}% 30
\BOOKMARK [2][-]{subsection.3.2}{\376\377\176\335\133\371\120\074\124\214\143\007\145\160\217\320\173\227}{section.3}% 31
\BOOKMARK [2][-]{subsection.3.3}{\376\377\147\011\164\006\145\160\166\204\172\172\226\231}{section.3}% 32
\BOOKMARK [1][-]{section.4}{\376\377\133\236\145\160}{}% 33
\BOOKMARK [2][-]{subsection.4.1}{\376\377\000C\000a\000u\000c\000h\000y\000\040\136\217\122\027}{section.4}% 34
\BOOKMARK [2][-]{subsection.4.2}{\376\377\173\111\116\367\166\204\000\040\000C\000a\000u\000c\000h\000y\000\040\136\217\122\027}{section.4}% 35
\BOOKMARK [2][-]{subsection.4.3}{\376\377\133\236\145\160\166\204\147\204\220\040}{section.4}% 36
\BOOKMARK [2][-]{subsection.4.4}{\376\377\133\236\145\160\166\204\136\217}{section.4}% 37
\BOOKMARK [2][-]{subsection.4.5}{\376\377\133\236\145\160\166\204\170\156\165\114}{section.4}% 38
\BOOKMARK [3][-]{subsubsection.4.5.1}{\376\377\147\000\131\047\000/\147\000\134\017\120\074}{subsection.4.5}% 39
\BOOKMARK [1][-]{section.5}{\376\377\136\217\122\027\166\204\147\201\226\120}{}% 40
\BOOKMARK [2][-]{subsection.5.1}{\376\377\145\066\145\133\123\312\147\201\226\120\166\204\173\227\137\213}{section.5}% 41
\BOOKMARK [2][-]{subsection.5.2}{\376\377\136\177\116\111\133\236\145\160\174\373}{section.5}% 42
\BOOKMARK [2][-]{subsection.5.3}{\376\377\136\217\122\027\166\204\170\156\165\114}{section.5}% 43
\BOOKMARK [2][-]{subsection.5.4}{\376\377\116\012\147\201\226\120\124\214\116\013\147\201\226\120}{section.5}% 44
\BOOKMARK [2][-]{subsection.5.5}{\376\377\136\070\211\301\147\201\226\120}{section.5}% 45
\BOOKMARK [2][-]{subsection.5.6}{\376\377\133\120\136\217\122\027}{section.5}% 46
\BOOKMARK [1][-]{section.6}{\376\377\176\247\145\160}{}% 47
\BOOKMARK [2][-]{subsection.6.1}{\376\377\147\011\226\120\176\247\145\160\000\040\000\050\154\102\124\214\000\051}{section.6}% 48
\BOOKMARK [3][-]{subsubsection.6.1.1}{\376\377\226\306\124\010\116\012\166\204\154\102\124\214}{subsection.6.1}% 49
\BOOKMARK [3][-]{subsubsection.6.1.2}{\376\377\116\214\221\315\154\102\124\214}{subsection.6.1}% 50
\BOOKMARK [2][-]{subsection.6.2}{\376\377\145\340\172\167\176\247\145\160}{section.6}% 51
\BOOKMARK [2][-]{subsection.6.3}{\376\377\227\136\215\037\230\171\176\247\145\160}{section.6}% 52
\BOOKMARK [2][-]{subsection.6.4}{\376\377\176\247\145\160\166\204\221\315\143\222}{section.6}% 53
\BOOKMARK [2][-]{subsection.6.5}{\376\377\145\271\150\071\122\044\122\053\154\325\124\214\153\324\117\213\122\044\122\053\154\325}{section.6}% 54
\BOOKMARK [2][-]{subsection.6.6}{\376\377\176\247\145\160\122\044\122\053\154\325\140\073\176\323}{section.6}% 55
\BOOKMARK [1][-]{section.7}{\376\377\145\340\226\120\226\306\124\010}{}% 56
\BOOKMARK [2][-]{subsection.7.1}{\376\377\123\357\145\160\140\047}{section.7}% 57
\BOOKMARK [2][-]{subsection.7.2}{\376\377\145\340\226\120\226\306\116\012\154\102\124\214}{section.7}% 58
\BOOKMARK [2][-]{subsection.7.3}{\376\377\116\015\123\357\145\160\226\306}{section.7}% 59
