\BOOKMARK [1][-]{section.1}{\376\377\230\204\131\007\167\345\213\306}{}% 1
\BOOKMARK [2][-]{subsection.1.1}{\376\377\160\271\116\016\124\021\221\317}{section.1}% 2
\BOOKMARK [2][-]{subsection.1.2}{\376\377\226\306\124\010}{section.1}% 3
\BOOKMARK [3][-]{subsubsection.1.2.1}{\376\377\226\306\124\010\166\204\137\000\225\355}{subsection.1.2}% 4
\BOOKMARK [3][-]{subsubsection.1.2.2}{\376\377\116\012\170\156\165\114\124\214\116\013\170\156\165\114}{subsection.1.2}% 5
\BOOKMARK [3][-]{subsubsection.1.2.3}{\376\377\147\000\131\047\000/\147\000\134\017\120\074}{subsection.1.2}% 6
\BOOKMARK [2][-]{subsection.1.3}{\376\377\136\217\122\027\000,\000\040\121\375\145\160\116\016\147\201\226\120}{section.1}% 7
\BOOKMARK [2][-]{subsection.1.4}{\376\377\126\333\131\047\133\232\164\006}{section.1}% 8
\BOOKMARK [3][-]{subsubsection.1.4.1}{\376\377\175\047\201\364\226\306}{subsection.1.4}% 9
\BOOKMARK [3][-]{subsubsection.1.4.2}{\376\377\175\047\201\364\226\306\116\012\166\204\121\375\145\160}{subsection.1.4}% 10
\BOOKMARK [3][-]{subsubsection.1.4.3}{\376\377\116\055\120\074\133\232\164\006}{subsection.1.4}% 11
\BOOKMARK [3][-]{subsubsection.1.4.4}{\376\377\116\343\145\160\127\372\147\054\133\232\164\006}{subsection.1.4}% 12
\BOOKMARK [1][-]{section.2}{\376\377\137\256\122\006\133\146}{}% 13
\BOOKMARK [2][-]{subsection.2.1}{\376\377\133\374\145\160\116\016\120\117\133\374\145\160}{section.2}% 14
\BOOKMARK [2][-]{subsection.2.2}{\376\377\217\336\176\355\000,\000\040\123\357\133\374\123\312\123\357\137\256}{section.2}% 15
\BOOKMARK [2][-]{subsection.2.3}{\376\377\131\032\121\103\121\375\145\160\166\204\133\374\145\160\173\111\116\367\133\232\116\111}{section.2}% 16
\BOOKMARK [1][-]{appendix.A}{\376\377\210\145\121\105\167\345\213\306}{}% 17
\BOOKMARK [2][-]{subsection.A.1}{\376\377\142\151\134\125\133\236\145\160\127\337}{appendix.A}% 18
\BOOKMARK [2][-]{subsection.A.2}{\376\377\121\375\145\160\172\172\225\364}{appendix.A}% 19
\BOOKMARK [1][-]{appendix.B}{\376\377\220\350\122\006\133\232\164\006\213\301\146\016}{}% 20
