\BOOKMARK [1][-]{section.1}{\376\377\226\306\124\010\213\272\127\372\170\100}{}% 1
\BOOKMARK [2][-]{subsection.1.1}{\376\377\166\370\173\111\121\163\174\373\000*}{section.1}% 2
\BOOKMARK [2][-]{subsection.1.2}{\376\377\133\232\116\111\226\306\124\010}{section.1}% 3
\BOOKMARK [2][-]{subsection.1.3}{\376\377\147\204\220\040\226\306\124\010}{section.1}% 4
\BOOKMARK [2][-]{subsection.1.4}{\376\377\133\120\226\306}{section.1}% 5
\BOOKMARK [1][-]{section.2}{\376\377\121\375\145\160}{}% 6
\BOOKMARK [2][-]{subsection.2.1}{\376\377\127\372\147\054\133\232\116\111}{section.2}% 7
\BOOKMARK [2][-]{subsection.2.2}{\376\377\146\040\134\004\166\204\174\173\127\213}{section.2}% 8
\BOOKMARK [1][-]{section.3}{\376\377\120\317\116\016\220\006\120\317}{}% 9
\BOOKMARK [2][-]{subsection.3.1}{\376\377\133\232\116\111}{section.3}% 10
\BOOKMARK [2][-]{subsection.3.2}{\376\377\120\074\127\337}{section.3}% 11
\BOOKMARK [1][-]{section.4}{\376\377\136\102\226\306}{}% 12
\BOOKMARK [1][-]{section.5}{\376\377\173\033\123\141\134\024\171\357}{}% 13
\BOOKMARK [2][-]{subsection.5.1}{\376\377\133\232\116\111}{section.5}% 14
\BOOKMARK [2][-]{subsection.5.2}{\376\377\131\032\221\315\173\033\123\141\134\024\171\357}{section.5}% 15
\BOOKMARK [1][-]{section.6}{\376\377\127\372\145\160}{}% 16
\BOOKMARK [2][-]{subsection.6.1}{\376\377\127\372\145\160\133\232\116\111}{section.6}% 17
\BOOKMARK [2][-]{subsection.6.2}{\376\377\127\372\145\160\140\047\215\050}{section.6}% 18
\BOOKMARK [2][-]{subsection.6.3}{\376\377\147\011\226\120\226\306\116\016\145\340\226\120\226\306}{section.6}% 19
\BOOKMARK [1][-]{section.7}{\376\377\145\340\226\120\226\306\124\010}{}% 20
